<?xml version="1.0" encoding="UTF-8"?>
<!-- Generated by org.testng.reporters.JUnitXMLReporter -->
<testsuite hostname="SeniorQA" ignored="0" name="Default test" tests="8" failures="0" timestamp="2021-07-27T09:46:56 IST" time="90.943" errors="0">
  <testcase name="fastrackLogin" time="4.519" classname="com.createAssessment.fastrackTestcases.ReassignedAssessment"/>
  <testcase name="clickOnLoginButton" time="3.647" classname="com.createAssessment.fastrackTestcases.ReassignedAssessment"/>
  <testcase name="enterUsername" time="1.046" classname="com.createAssessment.fastrackTestcases.ReassignedAssessment"/>
  <testcase name="enterPassword" time="3.741" classname="com.createAssessment.fastrackTestcases.ReassignedAssessment"/>
  <testcase name="selectAssignedAssessment" time="14.705" classname="com.createAssessment.fastrackTestcases.ReassignedAssessment"/>
  <testcase name="clickOnNextButton" time="4.26" classname="com.createAssessment.fastrackTestcases.ReassignedAssessment"/>
  <testcase name="clickOnAssignbutton" time="16.37" classname="com.createAssessment.fastrackTestcases.ReassignedAssessment"/>
  <testcase name="verifyFeedbackPage" time="39.428" classname="com.createAssessment.fastrackTestcases.ReassignedAssessment"/>
</testsuite> <!-- Default test -->
