<?xml version="1.0" encoding="UTF-8"?>
<!-- Generated by org.testng.reporters.JUnitXMLReporter -->
<testsuite hostname="SeniorQA" ignored="0" name="Default test" tests="4" failures="0" timestamp="2021-07-22T21:46:30 IST" time="50.345" errors="0">
  <testcase name="fastrackLogin" time="14.556" classname="com.createAssessment.fastrackTestcases.FastrackCreateAssessment"/>
  <testcase name="clickOnCreateButton" time="25.136" classname="com.createAssessment.fastrackTestcases.FastrackCreateAssessment"/>
  <testcase name="createTemplateFormat" time="4.291" classname="com.createAssessment.fastrackTestcases.FastrackCreateAssessment"/>
  <testcase name="clickOnNextButton" time="2.256" classname="com.createAssessment.fastrackTestcases.FastrackCreateAssessment"/>
</testsuite> <!-- Default test -->
