<?xml version="1.0" encoding="UTF-8"?>
<testng-results skipped="0" failed="4" ignored="0" total="9" passed="5">
  <reporter-output>
  </reporter-output>
  <suite name="Default suite" duration-ms="47860" started-at="2021-08-03T12:28:33 IST" finished-at="2021-08-03T12:29:21 IST">
    <groups>
    </groups>
    <test name="Default test" duration-ms="47860" started-at="2021-08-03T12:28:33 IST" finished-at="2021-08-03T12:29:21 IST">
      <class name="com.studentAssessment.testCases.StudentAssessmentExperienceTest">
        <test-method status="PASS" signature="extentSetUp()[pri:0, instance:com.studentAssessment.testCases.StudentAssessmentExperienceTest@1f97cf0d]" name="extentSetUp" is-config="true" duration-ms="631" started-at="2021-08-03T12:28:33 IST" finished-at="2021-08-03T12:28:33 IST">
          <reporter-output>
          </reporter-output>
        </test-method> <!-- extentSetUp -->
        <test-method status="PASS" signature="setUp()[pri:0, instance:com.studentAssessment.testCases.StudentAssessmentExperienceTest@1f97cf0d]" name="setUp" is-config="true" duration-ms="3039" started-at="2021-08-03T12:28:33 IST" finished-at="2021-08-03T12:28:37 IST">
          <reporter-output>
          </reporter-output>
        </test-method> <!-- setUp -->
        <test-method status="PASS" signature="magicBand_Login()[pri:0, instance:com.studentAssessment.testCases.StudentAssessmentExperienceTest@1f97cf0d]" name="magicBand_Login" duration-ms="7316" started-at="2021-08-03T12:28:37 IST" finished-at="2021-08-03T12:28:44 IST">
          <reporter-output>
          </reporter-output>
        </test-method> <!-- magicBand_Login -->
        <test-method status="PASS" signature="studentLoginAssess()[pri:1, instance:com.studentAssessment.testCases.StudentAssessmentExperienceTest@1f97cf0d]" name="studentLoginAssess" duration-ms="11143" started-at="2021-08-03T12:28:44 IST" finished-at="2021-08-03T12:28:55 IST">
          <reporter-output>
          </reporter-output>
        </test-method> <!-- studentLoginAssess -->
        <test-method status="PASS" signature="verifyStudentHomePage()[pri:2, instance:com.studentAssessment.testCases.StudentAssessmentExperienceTest@1f97cf0d]" name="verifyStudentHomePage" duration-ms="4504" started-at="2021-08-03T12:28:55 IST" finished-at="2021-08-03T12:28:59 IST">
          <reporter-output>
          </reporter-output>
        </test-method> <!-- verifyStudentHomePage -->
        <test-method status="PASS" signature="selectTestAssessment()[pri:3, instance:com.studentAssessment.testCases.StudentAssessmentExperienceTest@1f97cf0d]" name="selectTestAssessment" duration-ms="2232" started-at="2021-08-03T12:28:59 IST" finished-at="2021-08-03T12:29:02 IST">
          <reporter-output>
          </reporter-output>
        </test-method> <!-- selectTestAssessment -->
        <test-method status="PASS" signature="verifyInstructionPage()[pri:4, instance:com.studentAssessment.testCases.StudentAssessmentExperienceTest@1f97cf0d]" name="verifyInstructionPage" duration-ms="9517" started-at="2021-08-03T12:29:02 IST" finished-at="2021-08-03T12:29:11 IST">
          <reporter-output>
          </reporter-output>
        </test-method> <!-- verifyInstructionPage -->
        <test-method status="FAIL" signature="viewAssessmentInstruction()[pri:5, instance:com.studentAssessment.testCases.StudentAssessmentExperienceTest@1f97cf0d]" name="viewAssessmentInstruction" duration-ms="10034" started-at="2021-08-03T12:29:11 IST" finished-at="2021-08-03T12:29:21 IST">
          <exception class="java.lang.NullPointerException">
            <full-stacktrace>
              <![CDATA[java.lang.NullPointerException
at com.studentAssessment.testCases.StudentAssessmentExperienceTest.viewAssessmentInstruction(StudentAssessmentExperienceTest.java:151)
at sun.reflect.NativeMethodAccessorImpl.invoke0(Native Method)
at sun.reflect.NativeMethodAccessorImpl.invoke(NativeMethodAccessorImpl.java:62)
at sun.reflect.DelegatingMethodAccessorImpl.invoke(DelegatingMethodAccessorImpl.java:43)
at java.lang.reflect.Method.invoke(Method.java:498)
at org.testng.internal.MethodInvocationHelper.invokeMethod(MethodInvocationHelper.java:132)
at org.testng.internal.TestInvoker.invokeMethod(TestInvoker.java:599)
at org.testng.internal.TestInvoker.invokeTestMethod(TestInvoker.java:174)
at org.testng.internal.MethodRunner.runInSequence(MethodRunner.java:46)
at org.testng.internal.TestInvoker$MethodInvocationAgent.invoke(TestInvoker.java:822)
at org.testng.internal.TestInvoker.invokeTestMethods(TestInvoker.java:147)
at org.testng.internal.TestMethodWorker.invokeTestMethods(TestMethodWorker.java:146)
at org.testng.internal.TestMethodWorker.run(TestMethodWorker.java:128)
at java.util.ArrayList.forEach(ArrayList.java:1257)
at org.testng.TestRunner.privateRun(TestRunner.java:764)
at org.testng.TestRunner.run(TestRunner.java:585)
at org.testng.SuiteRunner.runTest(SuiteRunner.java:384)
at org.testng.SuiteRunner.runSequentially(SuiteRunner.java:378)
at org.testng.SuiteRunner.privateRun(SuiteRunner.java:337)
at org.testng.SuiteRunner.run(SuiteRunner.java:286)
at org.testng.SuiteRunnerWorker.runSuite(SuiteRunnerWorker.java:53)
at org.testng.SuiteRunnerWorker.run(SuiteRunnerWorker.java:96)
at org.testng.TestNG.runSuitesSequentially(TestNG.java:1218)
at org.testng.TestNG.runSuitesLocally(TestNG.java:1140)
at org.testng.TestNG.runSuites(TestNG.java:1069)
at org.testng.TestNG.run(TestNG.java:1037)
at org.testng.remote.AbstractRemoteTestNG.run(AbstractRemoteTestNG.java:115)
at org.testng.remote.RemoteTestNG.initAndRun(RemoteTestNG.java:251)
at org.testng.remote.RemoteTestNG.main(RemoteTestNG.java:77)
]]>
            </full-stacktrace>
          </exception> <!-- java.lang.NullPointerException -->
          <reporter-output>
          </reporter-output>
        </test-method> <!-- viewAssessmentInstruction -->
        <test-method status="FAIL" signature="viewQuestionPaperModel()[pri:6, instance:com.studentAssessment.testCases.StudentAssessmentExperienceTest@1f97cf0d]" name="viewQuestionPaperModel" duration-ms="2" started-at="2021-08-03T12:29:21 IST" finished-at="2021-08-03T12:29:21 IST">
          <exception class="java.lang.NullPointerException">
            <full-stacktrace>
              <![CDATA[java.lang.NullPointerException
at com.studentAssessment.testCases.StudentAssessmentExperienceTest.viewQuestionPaperModel(StudentAssessmentExperienceTest.java:161)
at sun.reflect.NativeMethodAccessorImpl.invoke0(Native Method)
at sun.reflect.NativeMethodAccessorImpl.invoke(NativeMethodAccessorImpl.java:62)
at sun.reflect.DelegatingMethodAccessorImpl.invoke(DelegatingMethodAccessorImpl.java:43)
at java.lang.reflect.Method.invoke(Method.java:498)
at org.testng.internal.MethodInvocationHelper.invokeMethod(MethodInvocationHelper.java:132)
at org.testng.internal.TestInvoker.invokeMethod(TestInvoker.java:599)
at org.testng.internal.TestInvoker.invokeTestMethod(TestInvoker.java:174)
at org.testng.internal.MethodRunner.runInSequence(MethodRunner.java:46)
at org.testng.internal.TestInvoker$MethodInvocationAgent.invoke(TestInvoker.java:822)
at org.testng.internal.TestInvoker.invokeTestMethods(TestInvoker.java:147)
at org.testng.internal.TestMethodWorker.invokeTestMethods(TestMethodWorker.java:146)
at org.testng.internal.TestMethodWorker.run(TestMethodWorker.java:128)
at java.util.ArrayList.forEach(ArrayList.java:1257)
at org.testng.TestRunner.privateRun(TestRunner.java:764)
at org.testng.TestRunner.run(TestRunner.java:585)
at org.testng.SuiteRunner.runTest(SuiteRunner.java:384)
at org.testng.SuiteRunner.runSequentially(SuiteRunner.java:378)
at org.testng.SuiteRunner.privateRun(SuiteRunner.java:337)
at org.testng.SuiteRunner.run(SuiteRunner.java:286)
at org.testng.SuiteRunnerWorker.runSuite(SuiteRunnerWorker.java:53)
at org.testng.SuiteRunnerWorker.run(SuiteRunnerWorker.java:96)
at org.testng.TestNG.runSuitesSequentially(TestNG.java:1218)
at org.testng.TestNG.runSuitesLocally(TestNG.java:1140)
at org.testng.TestNG.runSuites(TestNG.java:1069)
at org.testng.TestNG.run(TestNG.java:1037)
at org.testng.remote.AbstractRemoteTestNG.run(AbstractRemoteTestNG.java:115)
at org.testng.remote.RemoteTestNG.initAndRun(RemoteTestNG.java:251)
at org.testng.remote.RemoteTestNG.main(RemoteTestNG.java:77)
]]>
            </full-stacktrace>
          </exception> <!-- java.lang.NullPointerException -->
          <reporter-output>
          </reporter-output>
        </test-method> <!-- viewQuestionPaperModel -->
        <test-method status="FAIL" signature="clickOnNextQuestion()[pri:7, instance:com.studentAssessment.testCases.StudentAssessmentExperienceTest@1f97cf0d]" name="clickOnNextQuestion" duration-ms="1" started-at="2021-08-03T12:29:21 IST" finished-at="2021-08-03T12:29:21 IST">
          <exception class="java.lang.NullPointerException">
            <full-stacktrace>
              <![CDATA[java.lang.NullPointerException
at com.studentAssessment.testCases.StudentAssessmentExperienceTest.clickOnNextQuestion(StudentAssessmentExperienceTest.java:172)
at sun.reflect.NativeMethodAccessorImpl.invoke0(Native Method)
at sun.reflect.NativeMethodAccessorImpl.invoke(NativeMethodAccessorImpl.java:62)
at sun.reflect.DelegatingMethodAccessorImpl.invoke(DelegatingMethodAccessorImpl.java:43)
at java.lang.reflect.Method.invoke(Method.java:498)
at org.testng.internal.MethodInvocationHelper.invokeMethod(MethodInvocationHelper.java:132)
at org.testng.internal.TestInvoker.invokeMethod(TestInvoker.java:599)
at org.testng.internal.TestInvoker.invokeTestMethod(TestInvoker.java:174)
at org.testng.internal.MethodRunner.runInSequence(MethodRunner.java:46)
at org.testng.internal.TestInvoker$MethodInvocationAgent.invoke(TestInvoker.java:822)
at org.testng.internal.TestInvoker.invokeTestMethods(TestInvoker.java:147)
at org.testng.internal.TestMethodWorker.invokeTestMethods(TestMethodWorker.java:146)
at org.testng.internal.TestMethodWorker.run(TestMethodWorker.java:128)
at java.util.ArrayList.forEach(ArrayList.java:1257)
at org.testng.TestRunner.privateRun(TestRunner.java:764)
at org.testng.TestRunner.run(TestRunner.java:585)
at org.testng.SuiteRunner.runTest(SuiteRunner.java:384)
at org.testng.SuiteRunner.runSequentially(SuiteRunner.java:378)
at org.testng.SuiteRunner.privateRun(SuiteRunner.java:337)
at org.testng.SuiteRunner.run(SuiteRunner.java:286)
at org.testng.SuiteRunnerWorker.runSuite(SuiteRunnerWorker.java:53)
at org.testng.SuiteRunnerWorker.run(SuiteRunnerWorker.java:96)
at org.testng.TestNG.runSuitesSequentially(TestNG.java:1218)
at org.testng.TestNG.runSuitesLocally(TestNG.java:1140)
at org.testng.TestNG.runSuites(TestNG.java:1069)
at org.testng.TestNG.run(TestNG.java:1037)
at org.testng.remote.AbstractRemoteTestNG.run(AbstractRemoteTestNG.java:115)
at org.testng.remote.RemoteTestNG.initAndRun(RemoteTestNG.java:251)
at org.testng.remote.RemoteTestNG.main(RemoteTestNG.java:77)
]]>
            </full-stacktrace>
          </exception> <!-- java.lang.NullPointerException -->
          <reporter-output>
          </reporter-output>
        </test-method> <!-- clickOnNextQuestion -->
        <test-method status="FAIL" signature="finishButton()[pri:8, instance:com.studentAssessment.testCases.StudentAssessmentExperienceTest@1f97cf0d]" name="finishButton" duration-ms="1" started-at="2021-08-03T12:29:21 IST" finished-at="2021-08-03T12:29:21 IST">
          <exception class="java.lang.NullPointerException">
            <full-stacktrace>
              <![CDATA[java.lang.NullPointerException
at com.studentAssessment.testCases.StudentAssessmentExperienceTest.finishButton(StudentAssessmentExperienceTest.java:184)
at sun.reflect.NativeMethodAccessorImpl.invoke0(Native Method)
at sun.reflect.NativeMethodAccessorImpl.invoke(NativeMethodAccessorImpl.java:62)
at sun.reflect.DelegatingMethodAccessorImpl.invoke(DelegatingMethodAccessorImpl.java:43)
at java.lang.reflect.Method.invoke(Method.java:498)
at org.testng.internal.MethodInvocationHelper.invokeMethod(MethodInvocationHelper.java:132)
at org.testng.internal.TestInvoker.invokeMethod(TestInvoker.java:599)
at org.testng.internal.TestInvoker.invokeTestMethod(TestInvoker.java:174)
at org.testng.internal.MethodRunner.runInSequence(MethodRunner.java:46)
at org.testng.internal.TestInvoker$MethodInvocationAgent.invoke(TestInvoker.java:822)
at org.testng.internal.TestInvoker.invokeTestMethods(TestInvoker.java:147)
at org.testng.internal.TestMethodWorker.invokeTestMethods(TestMethodWorker.java:146)
at org.testng.internal.TestMethodWorker.run(TestMethodWorker.java:128)
at java.util.ArrayList.forEach(ArrayList.java:1257)
at org.testng.TestRunner.privateRun(TestRunner.java:764)
at org.testng.TestRunner.run(TestRunner.java:585)
at org.testng.SuiteRunner.runTest(SuiteRunner.java:384)
at org.testng.SuiteRunner.runSequentially(SuiteRunner.java:378)
at org.testng.SuiteRunner.privateRun(SuiteRunner.java:337)
at org.testng.SuiteRunner.run(SuiteRunner.java:286)
at org.testng.SuiteRunnerWorker.runSuite(SuiteRunnerWorker.java:53)
at org.testng.SuiteRunnerWorker.run(SuiteRunnerWorker.java:96)
at org.testng.TestNG.runSuitesSequentially(TestNG.java:1218)
at org.testng.TestNG.runSuitesLocally(TestNG.java:1140)
at org.testng.TestNG.runSuites(TestNG.java:1069)
at org.testng.TestNG.run(TestNG.java:1037)
at org.testng.remote.AbstractRemoteTestNG.run(AbstractRemoteTestNG.java:115)
at org.testng.remote.RemoteTestNG.initAndRun(RemoteTestNG.java:251)
at org.testng.remote.RemoteTestNG.main(RemoteTestNG.java:77)
]]>
            </full-stacktrace>
          </exception> <!-- java.lang.NullPointerException -->
          <reporter-output>
          </reporter-output>
        </test-method> <!-- finishButton -->
        <test-method status="PASS" signature="closeBrowser()[pri:0, instance:com.studentAssessment.testCases.StudentAssessmentExperienceTest@1f97cf0d]" name="closeBrowser" is-config="true" duration-ms="0" started-at="2021-08-03T12:29:21 IST" finished-at="2021-08-03T12:29:21 IST">
          <reporter-output>
          </reporter-output>
        </test-method> <!-- closeBrowser -->
        <test-method status="PASS" signature="tearDown()[pri:0, instance:com.studentAssessment.testCases.StudentAssessmentExperienceTest@1f97cf0d]" name="tearDown" is-config="true" duration-ms="587" started-at="2021-08-03T12:29:21 IST" finished-at="2021-08-03T12:29:22 IST">
          <reporter-output>
          </reporter-output>
        </test-method> <!-- tearDown -->
      </class> <!-- com.studentAssessment.testCases.StudentAssessmentExperienceTest -->
    </test> <!-- Default test -->
  </suite> <!-- Default suite -->
</testng-results>
