<?xml version="1.0" encoding="UTF-8"?>
<testng-results skipped="0" failed="0" ignored="0" total="8" passed="8">
  <reporter-output>
  </reporter-output>
  <suite name="Default suite" duration-ms="90943" started-at="2021-07-27T09:45:25 IST" finished-at="2021-07-27T09:46:56 IST">
    <groups>
    </groups>
    <test name="Default test" duration-ms="90943" started-at="2021-07-27T09:45:25 IST" finished-at="2021-07-27T09:46:56 IST">
      <class name="com.createAssessment.fastrackTestcases.ReassignedAssessment">
        <test-method status="PASS" signature="steUp()[pri:0, instance:com.createAssessment.fastrackTestcases.ReassignedAssessment@26275bef]" name="steUp" is-config="true" duration-ms="3128" started-at="2021-07-27T09:45:25 IST" finished-at="2021-07-27T09:45:28 IST">
          <reporter-output>
          </reporter-output>
        </test-method> <!-- steUp -->
        <test-method status="PASS" signature="fastrackLogin()[pri:0, instance:com.createAssessment.fastrackTestcases.ReassignedAssessment@26275bef]" name="fastrackLogin" duration-ms="4519" started-at="2021-07-27T09:45:29 IST" finished-at="2021-07-27T09:45:33 IST">
          <reporter-output>
          </reporter-output>
        </test-method> <!-- fastrackLogin -->
        <test-method status="PASS" signature="clickOnLoginButton()[pri:1, instance:com.createAssessment.fastrackTestcases.ReassignedAssessment@26275bef]" name="clickOnLoginButton" duration-ms="3647" started-at="2021-07-27T09:45:33 IST" finished-at="2021-07-27T09:45:37 IST">
          <reporter-output>
          </reporter-output>
        </test-method> <!-- clickOnLoginButton -->
        <test-method status="PASS" signature="enterUsername()[pri:2, instance:com.createAssessment.fastrackTestcases.ReassignedAssessment@26275bef]" name="enterUsername" duration-ms="1046" started-at="2021-07-27T09:45:37 IST" finished-at="2021-07-27T09:45:38 IST">
          <reporter-output>
          </reporter-output>
        </test-method> <!-- enterUsername -->
        <test-method status="PASS" signature="enterPassword()[pri:3, instance:com.createAssessment.fastrackTestcases.ReassignedAssessment@26275bef]" name="enterPassword" duration-ms="3741" started-at="2021-07-27T09:45:38 IST" finished-at="2021-07-27T09:45:41 IST">
          <reporter-output>
          </reporter-output>
        </test-method> <!-- enterPassword -->
        <test-method status="PASS" signature="selectAssignedAssessment()[pri:4, instance:com.createAssessment.fastrackTestcases.ReassignedAssessment@26275bef]" name="selectAssignedAssessment" duration-ms="14705" started-at="2021-07-27T09:45:41 IST" finished-at="2021-07-27T09:45:56 IST">
          <reporter-output>
          </reporter-output>
        </test-method> <!-- selectAssignedAssessment -->
        <test-method status="PASS" signature="clickOnNextButton()[pri:5, instance:com.createAssessment.fastrackTestcases.ReassignedAssessment@26275bef]" name="clickOnNextButton" duration-ms="4260" started-at="2021-07-27T09:45:56 IST" finished-at="2021-07-27T09:46:00 IST">
          <reporter-output>
          </reporter-output>
        </test-method> <!-- clickOnNextButton -->
        <test-method status="PASS" signature="clickOnAssignbutton()[pri:6, instance:com.createAssessment.fastrackTestcases.ReassignedAssessment@26275bef]" name="clickOnAssignbutton" duration-ms="16370" started-at="2021-07-27T09:46:00 IST" finished-at="2021-07-27T09:46:17 IST">
          <reporter-output>
          </reporter-output>
        </test-method> <!-- clickOnAssignbutton -->
        <test-method status="PASS" signature="verifyFeedbackPage()[pri:7, instance:com.createAssessment.fastrackTestcases.ReassignedAssessment@26275bef]" name="verifyFeedbackPage" duration-ms="39428" started-at="2021-07-27T09:46:17 IST" finished-at="2021-07-27T09:46:56 IST">
          <reporter-output>
          </reporter-output>
        </test-method> <!-- verifyFeedbackPage -->
        <test-method status="PASS" signature="closeBrowser()[pri:0, instance:com.createAssessment.fastrackTestcases.ReassignedAssessment@26275bef]" name="closeBrowser" is-config="true" duration-ms="1" started-at="2021-07-27T09:46:56 IST" finished-at="2021-07-27T09:46:56 IST">
          <reporter-output>
          </reporter-output>
        </test-method> <!-- closeBrowser -->
      </class> <!-- com.createAssessment.fastrackTestcases.ReassignedAssessment -->
    </test> <!-- Default test -->
  </suite> <!-- Default suite -->
</testng-results>
